c:\users\brenstem\documents\github\invadersproj\sfmlconsoleapplication\debug\vc141.pdb
c:\users\brenstem\documents\github\invadersproj\sfmlconsoleapplication\debug\vc141.idb
c:\users\brenstem\documents\github\invadersproj\sfmlconsoleapplication\debug\windowhandler.obj
c:\users\brenstem\documents\github\invadersproj\sfmlconsoleapplication\debug\textureresource.obj
c:\users\brenstem\documents\github\invadersproj\sfmlconsoleapplication\debug\spritehandler.obj
c:\users\brenstem\documents\github\invadersproj\sfmlconsoleapplication\debug\runtimegame.obj
c:\users\brenstem\documents\github\invadersproj\sfmlconsoleapplication\debug\randomhandler.obj
c:\users\brenstem\documents\github\invadersproj\sfmlconsoleapplication\debug\playerobject.obj
c:\users\brenstem\documents\github\invadersproj\sfmlconsoleapplication\debug\objecthandler.obj
c:\users\brenstem\documents\github\invadersproj\sfmlconsoleapplication\debug\main.obj
c:\users\brenstem\documents\github\invadersproj\sfmlconsoleapplication\debug\game.obj
c:\users\brenstem\documents\github\invadersproj\sfmlconsoleapplication\debug\object.obj
c:\users\brenstem\documents\github\invadersproj\sfmlconsoleapplication\debug\invadershandler.obj
c:\users\brenstem\documents\github\invadersproj\sfmlconsoleapplication\debug\invaderobject.obj
c:\users\brenstem\documents\github\invadersproj\sfmlconsoleapplication\debug\explosionobject.obj
c:\users\brenstem\documents\github\invadersproj\sfmlconsoleapplication\debug\collisionhandler.obj
c:\users\brenstem\documents\github\invadersproj\sfmlconsoleapplication\debug\bulletobject.obj
c:\users\brenstem\documents\github\invadersproj\debug\sfmlconsoleapplication.exe
c:\users\brenstem\documents\github\invadersproj\debug\sfmlconsoleapplication.ilk
c:\users\brenstem\documents\github\invadersproj\debug\sfmlconsoleapplication.pdb
c:\users\brenstem\documents\github\invadersproj\sfmlconsoleapplication\debug\sfmlcons.d1106a28.tlog\cl.command.1.tlog
c:\users\brenstem\documents\github\invadersproj\sfmlconsoleapplication\debug\sfmlcons.d1106a28.tlog\cl.read.1.tlog
c:\users\brenstem\documents\github\invadersproj\sfmlconsoleapplication\debug\sfmlcons.d1106a28.tlog\cl.write.1.tlog
c:\users\brenstem\documents\github\invadersproj\sfmlconsoleapplication\debug\sfmlcons.d1106a28.tlog\link.command.1.tlog
c:\users\brenstem\documents\github\invadersproj\sfmlconsoleapplication\debug\sfmlcons.d1106a28.tlog\link.read.1.tlog
c:\users\brenstem\documents\github\invadersproj\sfmlconsoleapplication\debug\sfmlcons.d1106a28.tlog\link.write.1.tlog
